<?xml version="1.0" encoding="UTF-8"?>
<!-- Generated by org.testng.reporters.JUnitReportReporter -->
<testsuite skipped="0" hostname="DESKTOP-5SVD3IG" name="com.main.Tests.GoogleSearchTest" tests="2" failures="0" timestamp="2021-08-03T20:59:30 IST" time="38.519" errors="0">
  <testcase name="googleSearch" time="20.472" classname="com.main.Tests.GoogleSearchTest"/>
  <system-out/>
  <testcase name="googleSearch" time="18.047" classname="com.main.Tests.GoogleSearchTest"/>
  <system-out/>
</testsuite> <!-- com.main.Tests.GoogleSearchTest -->
